[0.007s] Invoking command in '/home/ubuntu/ros2_wsCAN/build/can_comm': CMAKE_PREFIX_PATH=${CMAKE_PREFIX_PATH}:/home/ubuntu/ros2_ws/install/my_robot_controller:/opt/ros/humble /usr/bin/cmake --build /home/ubuntu/ros2_wsCAN/build/can_comm -- -j5 -l5
[0.025s] [35m[1mConsolidate compiler generated dependencies of target run_comm_node[0m
[0.033s] [ 50%] [32mBuilding CXX object CMakeFiles/run_comm_node.dir/src/can_comm.cpp.o[0m
[0.998s] [01m[K/home/ubuntu/ros2_wsCAN/src/can_comm/src/can_comm.cpp:[m[K In constructor â€˜[01m[KCANNode::CANNode()[m[Kâ€™:
[0.998s] [01m[K/home/ubuntu/ros2_wsCAN/src/can_comm/src/can_comm.cpp:44:56:[m[K [01;31m[Kerror: [m[Kexpected â€˜[01m[K;[m[Kâ€™ before â€˜[01m[K)[m[Kâ€™ token
[0.998s]    44 |             std::bind(&CANNode::send_can_message, this)[01;31m[K)[m[K;
[0.998s]       |                                                        [01;31m[K^[m[K
[1.176s] gmake[2]: *** [CMakeFiles/run_comm_node.dir/build.make:76: CMakeFiles/run_comm_node.dir/src/can_comm.cpp.o] Error 1
[1.177s] gmake[1]: *** [CMakeFiles/Makefile2:137: CMakeFiles/run_comm_node.dir/all] Error 2
[1.177s] gmake: *** [Makefile:146: all] Error 2
[1.178s] Invoked command in '/home/ubuntu/ros2_wsCAN/build/can_comm' returned '2': CMAKE_PREFIX_PATH=${CMAKE_PREFIX_PATH}:/home/ubuntu/ros2_ws/install/my_robot_controller:/opt/ros/humble /usr/bin/cmake --build /home/ubuntu/ros2_wsCAN/build/can_comm -- -j5 -l5
