[35m[1mConsolidate compiler generated dependencies of target run_comm_node[0m
[ 50%] [32mBuilding CXX object CMakeFiles/run_comm_node.dir/src/can_comm.cpp.o[0m
[01m[K/home/ubuntu/ros2_wsCAN/src/can_comm/src/can_comm.cpp:[m[K In constructor â€˜[01m[KCANNode::CANNode()[m[Kâ€™:
[01m[K/home/ubuntu/ros2_wsCAN/src/can_comm/src/can_comm.cpp:43:53:[m[K [01;31m[Kerror: [m[Kexpected â€˜[01m[K)[m[Kâ€™ before â€˜[01m[K;[m[Kâ€™ token
   43 |             std::bind(&CANNode::timerCallback, this)[01;31m[K;[m[K
      |                                                     [01;31m[K^[m[K
[01m[K/home/ubuntu/ros2_wsCAN/src/can_comm/src/can_comm.cpp:41:41:[m[K [01;36m[Knote: [m[Kto match this â€˜[01m[K([m[Kâ€™
   41 |         timer_ = this->create_wall_timer[01;36m[K([m[K
      |                                         [01;36m[K^[m[K
[01m[K/home/ubuntu/ros2_wsCAN/src/can_comm/src/can_comm.cpp:44:56:[m[K [01;31m[Kerror: [m[Kexpected â€˜[01m[K;[m[Kâ€™ before â€˜[01m[K)[m[Kâ€™ token
   44 |             std::bind(&CANNode::send_can_message, this)[01;31m[K)[m[K;
      |                                                        [01;31m[K^[m[K
gmake[2]: *** [CMakeFiles/run_comm_node.dir/build.make:76: CMakeFiles/run_comm_node.dir/src/can_comm.cpp.o] Error 1
gmake[1]: *** [CMakeFiles/Makefile2:137: CMakeFiles/run_comm_node.dir/all] Error 2
gmake: *** [Makefile:146: all] Error 2
