[01m[K/home/ubuntu/ros2_wsCAN/src/can_comm/src/can_comm.cpp:[m[K In member function â€˜[01m[Kvoid CANNode::send_periodic_message()[m[Kâ€™:
[01m[K/home/ubuntu/ros2_wsCAN/src/can_comm/src/can_comm.cpp:78:9:[m[K [01;31m[Kerror: [m[Kexpected â€˜[01m[K;[m[Kâ€™ before â€˜[01m[Ksend_can_message[m[Kâ€™
   78 |         [01;31m[Ksend_can_message[m[K(speedControl);
      |         [01;31m[K^~~~~~~~~~~~~~~~[m[K
[01m[K/home/ubuntu/ros2_wsCAN/src/can_comm/src/can_comm.cpp:82:9:[m[K [01;31m[Kerror: [m[Kexpected â€˜[01m[K;[m[Kâ€™ before â€˜[01m[Ksend_can_message[m[Kâ€™
   82 |         [01;31m[Ksend_can_message[m[K(speedControl);
      |         [01;31m[K^~~~~~~~~~~~~~~~[m[K
gmake[2]: *** [CMakeFiles/run_comm_node.dir/build.make:76: CMakeFiles/run_comm_node.dir/src/can_comm.cpp.o] Error 1
gmake[1]: *** [CMakeFiles/Makefile2:137: CMakeFiles/run_comm_node.dir/all] Error 2
gmake: *** [Makefile:146: all] Error 2
